<?xml version="1.0" encoding="UTF-8"?>
<testng-results ignored="0" total="1" passed="1" failed="0" skipped="0">
  <reporter-output>
  </reporter-output>
  <suite started-at="2023-05-11T14:13:28 IST" name="manipal testng suite" finished-at="2023-05-11T14:13:37 IST" duration-ms="8880">
    <groups>
    </groups>
    <test started-at="2023-05-11T14:13:28 IST" name="Functional  testing" finished-at="2023-05-11T14:13:37 IST" duration-ms="8880">
      <class name="org.example.OrangeLogin">
        <test-method is-config="true" signature="setDriver()[pri:0, instance:org.example.OrangeLogin@29626d54]" started-at="2023-05-11T14:13:28 IST" name="setDriver" finished-at="2023-05-11T14:13:35 IST" duration-ms="6871" status="PASS">
          <reporter-output>
          </reporter-output>
        </test-method> <!-- setDriver -->
        <test-method signature="login()[pri:0, instance:org.example.OrangeLogin@29626d54]" started-at="2023-05-11T14:13:35 IST" name="login" finished-at="2023-05-11T14:13:37 IST" duration-ms="1524" status="PASS">
          <reporter-output>
          </reporter-output>
        </test-method> <!-- login -->
        <test-method is-config="true" signature="closeBrowser()[pri:0, instance:org.example.OrangeLogin@29626d54]" started-at="2023-05-11T14:13:37 IST" name="closeBrowser" finished-at="2023-05-11T14:13:37 IST" duration-ms="413" status="PASS">
          <reporter-output>
          </reporter-output>
        </test-method> <!-- closeBrowser -->
      </class> <!-- org.example.OrangeLogin -->
    </test> <!-- Functional  testing -->
  </suite> <!-- manipal testng suite -->
</testng-results>
